<?xml version="1.0" encoding="UTF-8"?>
<testng-results ignored="0" total="1" passed="1" failed="0" skipped="0">
  <reporter-output>
  </reporter-output>
  <suite started-at="2024-04-18T19:10:36 EDT" name="Default suite" finished-at="2024-04-18T19:10:43 EDT" duration-ms="6858">
    <groups>
    </groups>
    <test started-at="2024-04-18T19:10:36 EDT" name="Default test" finished-at="2024-04-18T19:10:43 EDT" duration-ms="6858">
      <class name="Web_Automation">
        <test-method is-config="true" signature="loaddriver()[pri:0, instance:Web_Automation@57c758ac]" started-at="2024-04-18T19:10:36 EDT" name="loaddriver" finished-at="2024-04-18T19:10:38 EDT" duration-ms="2046" status="PASS">
          <reporter-output>
          </reporter-output>
        </test-method> <!-- loaddriver -->
        <test-method signature="lauchUrl()[pri:0, instance:Web_Automation@57c758ac]" started-at="2024-04-18T19:10:38 EDT" name="lauchUrl" finished-at="2024-04-18T19:10:42 EDT" duration-ms="4536" status="PASS">
          <reporter-output>
          </reporter-output>
        </test-method> <!-- lauchUrl -->
        <test-method is-config="true" signature="closebrowser()[pri:0, instance:Web_Automation@57c758ac]" started-at="2024-04-18T19:10:43 EDT" name="closebrowser" finished-at="2024-04-18T19:10:43 EDT" duration-ms="223" status="PASS">
          <reporter-output>
          </reporter-output>
        </test-method> <!-- closebrowser -->
      </class> <!-- Web_Automation -->
    </test> <!-- Default test -->
  </suite> <!-- Default suite -->
</testng-results>
